#
# A fatal error has been detected by the Java Runtime Environment:
#
#  EXCEPTION_ACCESS_VIOLATION (0xc0000005) at pc=0x00007ff90c6ba8c5, pid=13848, tid=864
#
# JRE version: Java(TM) SE Runtime Environment 18.9 (11.0.7+8) (build 11.0.7+8-LTS)
# Java VM: Java HotSpot(TM) 64-Bit Server VM 18.9 (11.0.7+8-LTS, mixed mode, tiered, compressed oops, g1 gc, windows-amd64)
# Problematic frame:
# V  [jvm.dll+0x68a8c5]
#
# No core dump will be written. Minidumps are not enabled by default on client versions of Windows
#
# If you would like to submit a bug report, please visit:
#   https://bugreport.java.com/bugreport/crash.jsp
#

---------------  S U M M A R Y ------------

Command Line: -Dcom.sun.management.jmxremote -Dcom.sun.management.jmxremote.port=56174 -Dcom.sun.management.jmxremote.authenticate=false -Dcom.sun.management.jmxremote.ssl=false -Djava.rmi.server.hostname=localhost -Dspring.jmx.enabled=true -Dspring.application.admin.enabled=true -Xverify:none -XX:TieredStopAtLevel=1 -Dspring.boot.project.name=lojaweb -Dfile.encoding=UTF-8 com.jonasoliveira.lojaweb.LojawebApplication --spring.output.ansi.enabled=always

Host: Intel(R) Core(TM) i5-7200U CPU @ 2.50GHz, 4 cores, 7G,  Windows 10 , 64 bit Build 19041 (10.0.19041.662)
Time: Mon Feb  1 23:12:07 2021 Hora Padrão de Buenos Aires elapsed time: 1 seconds (0d 0h 0m 1s)

---------------  T H R E A D  ---------------

Current thread (0x000001e7992bc800):  WatcherThread [stack: 0x0000006293000000,0x0000006293100000] [id=864]

Stack: [0x0000006293000000,0x0000006293100000],  sp=0x00000062930ffa40,  free space=1022k
Native frames: (J=compiled Java code, j=interpreted, Vv=VM code, C=native code)
V  [jvm.dll+0x68a8c5]
V  [jvm.dll+0x6f394f]
V  [jvm.dll+0x73fc7d]
V  [jvm.dll+0x765fe9]
V  [jvm.dll+0x75e875]
V  [jvm.dll+0x660b26]
C  [ucrtbase.dll+0x214c2]
C  [KERNEL32.DLL+0x17034]
C  [ntdll.dll+0x4d0d1]


siginfo: EXCEPTION_ACCESS_VIOLATION (0xc0000005), reading address 0x00007ff90000000f


Register to memory mapping:

RIP=0x00007ff90c6ba8c5 jvm.dll
RAX=0x00007ff90000000f is an unknown value
RBX=0x000001e7992c0e20 points into unknown readable memory: 80 bb 92 0c f9 7f 00 00
RCX=0x000001e7992a2d90 points into unknown readable memory: 0f 00 00 00 f9 7f 00 00
RDX=0x0000000000000035 is an unknown value
RSP=0x00000062930ffa40 points into unknown readable memory: 00 f6 22 f9 e7 01 00 00
RBP=0x0000000000000002 is an unknown value
RSI=0x000001e7992a2ce0 points into unknown readable memory: e0 91 2e 99 e7 01 00 00
RDI=0x0 is NULL
R8 =0x0 is NULL
R9 =0x000001e788330b80 is at begin+0 in a stub
StubRoutines::atomic_cmpxchg_long [0x000001e788330b80, 0x000001e788330b89[ (9 bytes)
R10=0x00000000546c6148 is an unknown value
R11=0x000001b41e080e1e is an unknown value
R12=0x0 is NULL
R13=0x000001e7992bc800 points into unknown readable memory: 18 92 93 0c f9 7f 00 00
R14=